<?xml version="1.0" encoding="UTF-8"?>
<!-- Generated by org.testng.reporters.JUnitReportReporter -->
<testsuite hostname="DESKTOP-HOQ6JVN" failures="0" tests="1" name="Runner.HomePageRunner" time="8.491" errors="0" timestamp="2025-03-21T21:28:43 IST" skipped="0">
  <testcase classname="Runner.HomePageRunner" name="runScenario" time="8.491"/>
</testsuite> <!-- Runner.HomePageRunner -->
