<?xml version="1.0" encoding="UTF-8"?>
<!-- Generated by org.testng.reporters.JUnitReportReporter -->
<testsuite hostname="DESKTOP-HOQ6JVN" failures="0" tests="12" name="Runner.AllCoursesRunner" time="47.347" errors="0" timestamp="2025-03-21T21:28:43 IST" skipped="0">
  <testcase classname="Runner.AllCoursesRunner" name="runScenario" time="2.852"/>
  <testcase classname="Runner.AllCoursesRunner" name="runScenario" time="4.004"/>
  <testcase classname="Runner.AllCoursesRunner" name="runScenario" time="4.080"/>
  <testcase classname="Runner.AllCoursesRunner" name="runScenario" time="1.479"/>
  <testcase classname="Runner.AllCoursesRunner" name="runScenario" time="1.232"/>
  <testcase classname="Runner.AllCoursesRunner" name="runScenario" time="4.255"/>
  <testcase classname="Runner.AllCoursesRunner" name="runScenario" time="4.566"/>
  <testcase classname="Runner.AllCoursesRunner" name="runScenario" time="4.434"/>
  <testcase classname="Runner.AllCoursesRunner" name="runScenario" time="4.082"/>
  <testcase classname="Runner.AllCoursesRunner" name="runScenario" time="3.175"/>
  <testcase classname="Runner.AllCoursesRunner" name="runScenario" time="10.117"/>
  <testcase classname="Runner.AllCoursesRunner" name="runScenario" time="3.071"/>
</testsuite> <!-- Runner.AllCoursesRunner -->
