<?xml version="1.0" encoding="UTF-8"?>
<!-- Generated by org.testng.reporters.JUnitReportReporter -->
<testsuite hostname="DESKTOP-HOQ6JVN" failures="0" tests="3" name="Runner.ShoppingcartRunner" time="6.830" errors="0" timestamp="2025-03-21T21:28:43 IST" skipped="0">
  <testcase classname="Runner.ShoppingcartRunner" name="runScenario" time="0.678"/>
  <testcase classname="Runner.ShoppingcartRunner" name="runScenario" time="0.709"/>
  <testcase classname="Runner.ShoppingcartRunner" name="runScenario" time="5.443"/>
</testsuite> <!-- Runner.ShoppingcartRunner -->
