<?xml version="1.0" encoding="UTF-8"?>
<!-- Generated by org.testng.reporters.JUnitReportReporter -->
<testsuite hostname="DESKTOP-HOQ6JVN" failures="0" tests="5" name="Runner.LetsKodeItRunner" time="16.402" errors="0" timestamp="2025-03-21T14:54:19 IST" skipped="0">
  <testcase classname="Runner.LetsKodeItRunner" name="runScenario" time="3.358"/>
  <testcase classname="Runner.LetsKodeItRunner" name="runScenario" time="2.733"/>
  <testcase classname="Runner.LetsKodeItRunner" name="runScenario" time="1.530"/>
  <testcase classname="Runner.LetsKodeItRunner" name="runScenario" time="7.571"/>
  <testcase classname="Runner.LetsKodeItRunner" name="runScenario" time="1.210"/>
</testsuite> <!-- Runner.LetsKodeItRunner -->
