<?xml version="1.0" encoding="UTF-8"?>
<!-- Generated by org.testng.reporters.JUnitReportReporter -->
<testsuite hostname="DESKTOP-HOQ6JVN" failures="0" tests="13" name="Runner.PracticePageRunner" time="42.795" errors="0" timestamp="2025-03-21T21:28:43 IST" skipped="0">
  <testcase classname="Runner.PracticePageRunner" name="runScenario" time="3.640"/>
  <testcase classname="Runner.PracticePageRunner" name="runScenario" time="10.136"/>
  <testcase classname="Runner.PracticePageRunner" name="runScenario" time="2.139"/>
  <testcase classname="Runner.PracticePageRunner" name="runScenario" time="2.448"/>
  <testcase classname="Runner.PracticePageRunner" name="runScenario" time="2.147"/>
  <testcase classname="Runner.PracticePageRunner" name="runScenario" time="2.127"/>
  <testcase classname="Runner.PracticePageRunner" name="runScenario" time="7.397"/>
  <testcase classname="Runner.PracticePageRunner" name="runScenario" time="2.298"/>
  <testcase classname="Runner.PracticePageRunner" name="runScenario" time="2.787"/>
  <testcase classname="Runner.PracticePageRunner" name="runScenario" time="2.371"/>
  <testcase classname="Runner.PracticePageRunner" name="runScenario" time="1.919"/>
  <testcase classname="Runner.PracticePageRunner" name="runScenario" time="1.662"/>
  <testcase classname="Runner.PracticePageRunner" name="runScenario" time="1.724"/>
</testsuite> <!-- Runner.PracticePageRunner -->
