<?xml version="1.0" encoding="UTF-8"?>
<!-- Generated by org.testng.reporters.JUnitReportReporter -->
<testsuite hostname="DESKTOP-HOQ6JVN" failures="0" tests="3" name="Runner.LetsKodeItTestRunner" time="8.097" errors="0" timestamp="2025-03-21T21:17:48 IST" skipped="0">
  <testcase classname="Runner.LetsKodeItTestRunner" name="runScenario" time="6.794"/>
  <testcase classname="Runner.LetsKodeItTestRunner" name="runScenario" time="0.628"/>
  <testcase classname="Runner.LetsKodeItTestRunner" name="runScenario" time="0.675"/>
</testsuite> <!-- Runner.LetsKodeItTestRunner -->
