<?xml version="1.0" encoding="UTF-8"?>
<!-- Generated by org.testng.reporters.JUnitReportReporter -->
<testsuite hostname="DESKTOP-HOQ6JVN" failures="0" tests="5" name="Runner.LoginRunner" time="14.397" errors="0" timestamp="2025-03-21T21:28:43 IST" skipped="0">
  <testcase classname="Runner.LoginRunner" name="runScenario" time="0.787"/>
  <testcase classname="Runner.LoginRunner" name="runScenario" time="1.059"/>
  <testcase classname="Runner.LoginRunner" name="runScenario" time="6.633"/>
  <testcase classname="Runner.LoginRunner" name="runScenario" time="1.994"/>
  <testcase classname="Runner.LoginRunner" name="runScenario" time="3.924"/>
</testsuite> <!-- Runner.LoginRunner -->
